0000000000000000 T __code_start
0000000000000000 0000000000000401 b __fixedpath
0000000000000000 A __start__
0000000000000000 T _start
0000000000000000 b _TLS_MODULE_BASE_
0000000000000080 t startup
00000000000000a4 t bssclr_start
00000000000000cc t bss_loop
0000000000000120 T __nx_exit
0000000000000130 T __nx_mod0
0000000000000158 T _init
00000000000001c0 000000000000004c t (anonymous namespace)::mutex_wrapper::~mutex_wrapper() [clone .part.1]
0000000000000210 0000000000000038 T exit
0000000000000250 000000000000011c T main
0000000000000370 0000000000000054 t _GLOBAL__sub_I_eh_alloc.cc
00000000000003c8 0000000000000124 t _GLOBAL__sub_I_wlocale_inst.cc
0000000000000404 0000000000000004 b fsdev_last_result
0000000000000408 0000000000002000 b tmp_buffer.7339
00000000000004f0 000000000000004c t _GLOBAL__sub_I_system_error.cc
0000000000000540 0000000000000124 t _GLOBAL__sub_I_locale_inst.cc
0000000000000668 0000000000000054 t _GLOBAL__sub_I_eh_globals.cc
00000000000006c0 00000000000000c4 t _GLOBAL__sub_I_cxx11_wlocale_inst.cc
0000000000000788 00000000000000c4 t _GLOBAL__sub_I_cxx11_locale_inst.cc
0000000000000850 t deregister_tm_clones
0000000000000880 t register_tm_clones
00000000000008b8 t __do_global_dtors_aux
0000000000000900 t frame_dummy
0000000000000940 0000000000000020 T initServices()
0000000000000960 000000000000001c T exitServices()
0000000000000980 0000000000000050 W std::_Rb_tree<unsigned long, std::pair<unsigned long const, edz::Title*>, std::_Select1st<std::pair<unsigned long const, edz::Title*> >, std::less<unsigned long>, std::allocator<std::pair<unsigned long const, edz::Title*> > >::_M_erase(std::_Rb_tree_node<std::pair<unsigned long const, edz::Title*> >*)
00000000000009d0 0000000000000064 t std::__cxx11::basic_string<char, std::char_traits<char>, std::allocator<char> >::_M_create(unsigned long&, unsigned long) [clone .isra.25]
0000000000000a40 00000000000000d4 W void std::__cxx11::basic_string<char, std::char_traits<char>, std::allocator<char> >::_M_construct<char const*>(char const*, char const*, std::forward_iterator_tag)
0000000000000b20 00000000000000d4 W void std::__cxx11::basic_string<char, std::char_traits<char>, std::allocator<char> >::_M_construct<char*>(char*, char*, std::forward_iterator_tag)
0000000000000c00 0000000000000024 t std::__cxx11::basic_string<char, std::char_traits<char>, std::allocator<char> >::_M_create(unsigned long&, unsigned long) [clone .isra.46] [clone .constprop.53]
0000000000000c30 0000000000000554 T edz::Title::Title(unsigned long)
0000000000000c30 0000000000000554 T edz::Title::Title(unsigned long)
0000000000001190 0000000000000124 W void std::vector<unsigned __int128, std::allocator<unsigned __int128> >::_M_realloc_insert<unsigned __int128 const&>(__gnu_cxx::__normal_iterator<unsigned __int128*, std::vector<unsigned __int128, std::allocator<unsigned __int128> > >, unsigned __int128 const&)
00000000000012c0 000000000000003c T edz::Title::addUserID(unsigned __int128)
0000000000001300 0000000000000044 T edz::Title::getTitleName[abi:cxx11]()
0000000000001350 0000000000000008 W std::map<unsigned long, edz::Title*, std::less<unsigned long>, std::allocator<std::pair<unsigned long const, edz::Title*> > >::~map()
0000000000001350 0000000000000008 W std::map<unsigned long, edz::Title*, std::less<unsigned long>, std::allocator<std::pair<unsigned long const, edz::Title*> > >::~map()
0000000000001360 0000000000000164 W void std::vector<FsSaveDataInfo, std::allocator<FsSaveDataInfo> >::_M_realloc_insert<FsSaveDataInfo const&>(__gnu_cxx::__normal_iterator<FsSaveDataInfo*, std::vector<FsSaveDataInfo, std::allocator<FsSaveDataInfo> > >, FsSaveDataInfo const&)
00000000000014d0 0000000000000108 T edz::helper::SaveFileSystem::getTitleSaveFileData()
00000000000015e0 00000000000000b4 W std::_Rb_tree<unsigned long, std::pair<unsigned long const, edz::Title*>, std::_Select1st<std::pair<unsigned long const, edz::Title*> >, std::less<unsigned long>, std::allocator<std::pair<unsigned long const, edz::Title*> > >::_M_get_insert_unique_pos(unsigned long const&)
00000000000016a0 000000000000012c W std::_Rb_tree<unsigned long, std::pair<unsigned long const, edz::Title*>, std::_Select1st<std::pair<unsigned long const, edz::Title*> >, std::less<unsigned long>, std::allocator<std::pair<unsigned long const, edz::Title*> > >::_M_get_insert_hint_unique_pos(std::_Rb_tree_const_iterator<std::pair<unsigned long const, edz::Title*> >, unsigned long const&)
00000000000017d0 0000000000000104 W std::_Rb_tree_node<std::pair<unsigned long const, edz::Title*> >* std::_Rb_tree<unsigned long, std::pair<unsigned long const, edz::Title*>, std::_Select1st<std::pair<unsigned long const, edz::Title*> >, std::less<unsigned long>, std::allocator<std::pair<unsigned long const, edz::Title*> > >::_M_copy<std::_Rb_tree<unsigned long, std::pair<unsigned long const, edz::Title*>, std::_Select1st<std::pair<unsigned long const, edz::Title*> >, std::less<unsigned long>, std::allocator<std::pair<unsigned long const, edz::Title*> > >::_Alloc_node>(std::_Rb_tree_node<std::pair<unsigned long const, edz::Title*> > const*, std::_Rb_tree_node_base*, std::_Rb_tree<unsigned long, std::pair<unsigned long const, edz::Title*>, std::_Select1st<std::pair<unsigned long const, edz::Title*> >, std::less<unsigned long>, std::allocator<std::pair<unsigned long const, edz::Title*> > >::_Alloc_node&)
00000000000018e0 0000000000000484 T edz::helper::SaveFileSystem::getAllTitles()
0000000000001d70 0000000000000220 t ipcPrepareHeader
0000000000001f90 000000000000022c t ipcParse
00000000000021c0 00000000000000b0 t serviceIpcParse
0000000000002270 0000000000000034 t ipcCloseObjectById
00000000000022b0 0000000000000200 T fsInitialize
0000000000002408 0000000000002000 b tmp_buffer.7363
00000000000024b0 000000000000009c T fsExit
0000000000002550 00000000000001cc T fsMountSdcard
0000000000002720 00000000000001e0 T fsOpenSaveDataIterator
0000000000002900 00000000000001a4 T fsFsCreateFile
0000000000002ab0 000000000000019c T fsFsDeleteFile
0000000000002c50 000000000000019c T fsFsCreateDirectory
0000000000002df0 000000000000019c T fsFsDeleteDirectory
0000000000002f90 0000000000000214 T fsFsRenameFile
00000000000031b0 0000000000000214 T fsFsRenameDirectory
00000000000033d0 00000000000001b0 T fsFsGetEntryType
0000000000003580 00000000000001e4 T fsFsOpenFile
0000000000003770 00000000000001f8 T fsFsOpenDirectory
0000000000003970 00000000000001b0 T fsFsGetFreeSpace
0000000000003b20 00000000000001b0 T fsFsGetTotalSpace
0000000000003cd0 0000000000000194 T fsFsGetFileTimeStampRaw
0000000000003e70 000000000000006c T fsFsClose
0000000000003ee0 00000000000001f8 T fsFileRead
00000000000040e0 00000000000001cc T fsFileWrite
00000000000042b0 000000000000017c T fsFileFlush
0000000000004408 0000000000000004 b g_sfdnsresResult
000000000000440c 0000000000000004 B g_bsdErrno
0000000000004410 0000000000000004 B g_bsdResult
0000000000004430 000000000000018c T fsFileSetSize
00000000000045c0 0000000000000194 T fsFileGetSize
0000000000004760 000000000000006c T fsFileClose
00000000000047d0 000000000000006c T fsDirClose
0000000000004840 00000000000001ec T fsDirRead
0000000000004a30 00000000000001d0 T fsSaveDataIteratorRead
0000000000004c00 000000000000006c T fsSaveDataIteratorClose
0000000000004c70 0000000000000044 T smAddOverrideHandle
0000000000004cc0 0000000000000060 T smGetServiceOverride
0000000000004d20 0000000000000014 T smHasInitialized
0000000000004d40 000000000000005c T smExit
0000000000004da0 0000000000000038 T smEncodeName
0000000000004de0 000000000000012c T smGetServiceOriginal
0000000000004f10 00000000000001a0 T smInitialize
00000000000050b0 0000000000000074 T smGetService
0000000000005130 0000000000000034 t ipcCloseObjectById
0000000000005170 000000000000003c T ncmInitialize
00000000000051b0 000000000000009c T ncmExit
0000000000005250 0000000000000140 t _fatalImpl
0000000000005390 0000000000000014 T fatalWithType
00000000000053b0 0000000000000014 T fatalSimple
00000000000053d0 0000000000000034 t ipcCloseObjectById
0000000000005410 000000000000012c t _nsGetInterface.constprop.7
0000000000005540 0000000000000104 T nsInitialize
0000000000005650 00000000000000fc T nsExit
0000000000005750 0000000000000114 T nsListApplicationContentMetaStatus
0000000000005870 0000000000000114 T nsGetApplicationControlData
0000000000005990 0000000000000034 t ipcCloseObjectById
00000000000059d0 0000000000000124 t _hidGetSharedMemoryHandle.constprop.16
0000000000005b00 0000000000000100 t _hidCmdWithNoInput
0000000000005c00 0000000000000134 t _hidCreateAppletResource.constprop.15
0000000000005d40 000000000000010c t _hidCmdWithInputU32
0000000000005e50 0000000000000108 t _hidCmdWithInputU64.constprop.17
0000000000005f60 00000000000001e0 T hidReset
0000000000006140 000000000000000c T hidGetSharedmemAddr
0000000000006150 000000000000006c T hidKeysDown
00000000000061c0 000000000000000c T hidTouchCount
00000000000061d0 0000000000000578 T hidScanInput
0000000000006750 0000000000000198 T hidSetSupportedNpadIdType
00000000000068f0 000000000000000c T hidSetSupportedNpadStyleSet
0000000000006900 0000000000000008 T hidSetNpadJoyHoldType
0000000000006910 000000000000000c T hidSetNpadJoyAssignmentModeDual
0000000000006920 0000000000000080 T hidFinalizeSevenSixAxisSensor
00000000000069a0 0000000000000134 T hidExit
0000000000006ae0 0000000000000168 T hidInitialize
0000000000006c50 0000000000000034 t ipcCloseObjectById
0000000000006c90 0000000000000070 T accountInitialize
0000000000006d00 000000000000009c T accountExit
0000000000006da0 0000000000000220 t ipcPrepareHeader
0000000000006fc0 000000000000022c t ipcParse
00000000000071f0 00000000000000b0 t serviceIpcParse
00000000000072a0 0000000000000078 t ipcConvertSessionToDomain
0000000000007320 0000000000000084 t ipcCloneSession.constprop.52
00000000000073b0 0000000000000034 t ipcCloseObjectById
00000000000073f0 000000000000006c t serviceClose
0000000000007460 000000000000019c t _appletReceiveMessage
0000000000007600 0000000000000164 t _appletCmdNoIO
0000000000007770 000000000000018c t _appletGetOperationMode.constprop.43
0000000000007900 000000000000018c t _appletGetCurrentFocusState.constprop.45
0000000000007a90 000000000000018c t _appletGetPerformanceMode.constprop.44
0000000000007c20 00000000000001d8 t _appletGetSession
0000000000007e00 000000000000017c t _appletCmdNoInOut64
0000000000007f80 0000000000000164 t _appletSetOperationModeChangedNotification.constprop.46
00000000000080f0 000000000000016c t _appletSetOutOfFocusSuspendingEnabled
0000000000008260 0000000000000164 t _appletSetPerformanceModeChangedNotification.constprop.47
00000000000083d0 000000000000016c t _appletCmdInU32.constprop.48
0000000000008540 000000000000017c t _appletSetFocusHandlingMode
00000000000086c0 0000000000000178 t _appletGetHandle.constprop.42
0000000000008840 0000000000000054 t _appletGetEvent.constprop.41
00000000000088a0 00000000000001f0 t _appletGetSessionProxy.constprop.40
0000000000008a90 00000000000000f0 T appletSetFocusHandlingMode
0000000000008b80 0000000000000028 T appletGetAppletResourceUserId
0000000000008bb0 0000000000000174 T appletNotifyRunning
0000000000008d30 0000000000000158 T appletSetGamePlayRecordingState
0000000000008e90 0000000000000050 T appletSetCpuBoostMode
0000000000008ee0 00000000000005dc T appletExit
00000000000094c0 00000000000004f0 T appletInitialize
00000000000099b0 0000000000000010 t _appletExitProcess
00000000000099c0 000000000000005c T appletGetMessage
0000000000009a20 0000000000000118 T appletProcessMessage
0000000000009b40 0000000000000034 T appletMainLoop
0000000000009b80 0000000000000140 T nacpGetLanguageEntry
0000000000009cc0 00000000000000b4 T nxlinkStdio
0000000000009d80 0000000000000208 T envSetup
0000000000009f90 0000000000000020 T envGetMainThreadHandle
0000000000009fb0 000000000000000c T envIsNso
0000000000009fc0 0000000000000014 T envHasHeapOverride
0000000000009fe0 000000000000000c T envGetHeapOverrideAddr
0000000000009ff0 000000000000000c T envGetHeapOverrideSize
000000000000a000 0000000000000014 T envHasArgv
000000000000a020 000000000000000c T envGetArgv
000000000000a030 000000000000000c T envGetExitFuncPtr
000000000000a040 000000000000000c T envSetExitFuncPtr
000000000000a050 00000000000000c4 T nxlinkSetup
000000000000a120 0000000000000010 T hosversionGet
000000000000a130 0000000000000010 T hosversionSet
000000000000a140 0000000000000010 t fsdev_link
000000000000a150 0000000000000010 t fsdev_dirreset
000000000000a160 0000000000000010 t fsdev_chmod
000000000000a170 000000000000001c t error_cmp
000000000000a190 000000000000005c t fsdev_translate_error
000000000000a1f0 0000000000000040 t fsdev_fsync
000000000000a230 0000000000000060 t fsdev_ftruncate
000000000000a290 0000000000000020 t fsdev_dirclose
000000000000a2b0 000000000000016c t fsdev_dirnext
000000000000a420 000000000000001c t fsdev_close
000000000000a440 00000000000000a4 t fsdev_fstat
000000000000a4f0 00000000000000b0 t fsdev_seek
000000000000a5a0 00000000000001a0 t fsdev_read
000000000000a740 00000000000001a8 t fsdev_write
000000000000a8f0 0000000000000120 t fsdevFindDevice
000000000000aa10 0000000000000140 t _fsdevMountDevice
000000000000ab50 00000000000001fc t fsdev_getfspath
000000000000ad50 0000000000000070 t fsdev_rmdir
000000000000adc0 00000000000000d4 t fsdev_statvfs
000000000000aea0 00000000000000ec t fsdev_diropen
000000000000af90 0000000000000070 t fsdev_mkdir
000000000000b000 0000000000000114 t fsdev_rename
000000000000b120 00000000000000e8 t fsdev_chdir
000000000000b210 0000000000000070 t fsdev_unlink
000000000000b280 00000000000001bc t fsdev_stat
000000000000b440 000000000000019c t fsdev_open
000000000000b5e0 00000000000000b8 t _fsdevUnmountDeviceStruct.part.4
000000000000b6a0 0000000000000010 t fsdev_fchmod
000000000000b6b0 0000000000000170 T fsdevMountSdmc
000000000000b820 0000000000000064 T fsdevUnmountAll
000000000000b890 00000000000000a8 t _socketParseBsdResult.part.0
000000000000b940 0000000000000048 t _socketRead
000000000000b990 0000000000000048 t _socketWrite
000000000000b9e0 000000000000003c t _socketClose
000000000000ba20 000000000000007c t _socketOpen
000000000000baa0 0000000000000080 t _socketGetFd
000000000000bb20 000000000000000c T socketGetDefaultInitConfig
000000000000bb30 0000000000000020 T socketExit
000000000000bb50 0000000000000108 T socketInitialize
000000000000bc60 00000000000000a4 T socket
000000000000bd10 0000000000000054 T connect
000000000000bd70 000000000000012c T decode_utf8
000000000000be9c T svcSetHeapSize
000000000000beb0 T svcUnmapMemory
000000000000beb8 T svcQueryMemory
000000000000becc T svcExitProcess
000000000000bed4 T svcSleepThread
000000000000bedc T svcMapSharedMemory
000000000000bee4 T svcUnmapSharedMemory
000000000000beec T svcCreateTransferMemory
000000000000bf00 T svcCloseHandle
000000000000bf08 T svcResetSignal
000000000000bf10 T svcWaitSynchronization
000000000000bf24 T svcArbitrateLock
000000000000bf2c T svcArbitrateUnlock
000000000000bf34 T svcWaitProcessWideKeyAtomic
000000000000bf3c T svcSignalProcessWideKey
000000000000bf44 T svcConnectToNamedPort
000000000000bf58 T svcSendSyncRequest
000000000000bf60 T svcBreak
000000000000bf68 T svcReturnFromException
000000000000bf70 T svcGetInfo
000000000000bf84 T svcUnmapTransferMemory
000000000000bf8c T __aarch64_read_tp
000000000000bf98 W __libnx_exception_entry
000000000000c024 t __libnx_exception_entry_start
000000000000c14c t __libnx_exception_entry_abort
000000000000c150 t __libnx_exception_entry_end
000000000000c158 T __libnx_exception_returnentry
000000000000c170 000000000000000c T eventLoadRemote
000000000000c180 0000000000000038 T eventWait
000000000000c1c0 0000000000000050 T eventClose
000000000000c210 00000000000000a8 T tmemCreate
000000000000c2c0 0000000000000058 T tmemUnmap
000000000000c320 0000000000000068 T tmemClose
000000000000c390 0000000000000058 T rwlockReadLock
000000000000c3f0 000000000000005c T rwlockReadUnlock
000000000000c450 0000000000000084 T rwlockWriteLock
000000000000c4e0 000000000000003c T rwlockWriteUnlock
000000000000c520 0000000000000104 t _waitLoop
000000000000c630 0000000000000338 t _waitObjectsImpl
000000000000c970 000000000000000c T waitObjects
000000000000c980 0000000000000014 T shmemLoadRemote
000000000000c9a0 0000000000000084 T shmemMap
000000000000ca30 0000000000000058 T shmemUnmap
000000000000ca90 0000000000000044 T shmemClose
000000000000cae0 000000000000017c T detectKernelVersion
000000000000cc60 0000000000000030 T detectDebugger
000000000000cc90 0000000000000034 t ipcCloseObjectById
000000000000ccd0 00000000000000c4 t ipcConvertSessionToDomain
000000000000cda0 000000000000010c t ipcCloneSession.constprop.14
000000000000ceb0 000000000000028c t _nifmCreateGeneralServiceOld.constprop.12
000000000000d140 000000000000028c t _nifmCreateGeneralService.constprop.11
000000000000d3d0 0000000000000100 T nifmExit
000000000000d4d0 0000000000000120 T nifmInitialize
000000000000d5f0 0000000000000034 t ipcCloseObjectById
000000000000d630 00000000000001d4 t _setsysGetFirmwareVersionImpl
000000000000d810 0000000000000044 T setInitialize
000000000000d860 000000000000009c T setExit
000000000000d900 000000000000003c T setsysInitialize
000000000000d940 000000000000009c T setsysExit
000000000000d9e0 00000000000000ec T setGetLanguageCode
000000000000dad0 0000000000000004 T setGetSystemLanguage
000000000000dae0 000000000000010c T setGetAvailableLanguageCodeCount
000000000000dbf0 00000000000001b4 T setGetAvailableLanguageCodes
000000000000ddb0 0000000000000070 t setInitializeLanguageCodesCache
000000000000de20 000000000000008c T setMakeLanguage
000000000000deb0 0000000000000044 T setsysGetFirmwareVersion
000000000000df00 0000000000000034 t ipcCloseObjectById
000000000000df40 0000000000000120 t _bsdRegisterClient.isra.5.constprop.11
000000000000e060 0000000000000308 t _bsdDispatchBasicCommand.isra.6
000000000000e370 0000000000000044 t _bsdSocketCreationCommand
000000000000e3c0 00000000000000c8 t ipcQueryPointerBufferSize.constprop.10
000000000000e490 00000000000000f8 t _bsdStartMonitor.constprop.9
000000000000e590 00000000000000f0 T bsdExit
000000000000e680 000000000000014c T bsdInitialize
000000000000e7d0 0000000000000014 T bsdSocket
000000000000e7f0 00000000000000c4 T bsdOpen
000000000000e8c0 00000000000000a8 T bsdConnect
000000000000e970 00000000000000bc T bsdWrite
000000000000ea30 00000000000000fc T bsdRead
000000000000eb30 0000000000000040 T bsdClose
000000000000eb70 0000000000000034 t ipcCloseObjectById
000000000000ebb0 0000000000000124 t _apmGetSession.constprop.4
000000000000ece0 00000000000000f0 T apmExit
000000000000edd0 0000000000000070 T apmInitialize
000000000000ee40 00000000000000cc T apmSetPerformanceConfiguration
000000000000ef10 0000000000000324 T argvSetup
000000000000f240 00000000000000d8 W __libnx_initheap
000000000000f320 00000000000000dc W __appInit
000000000000f400 0000000000000044 W __appExit
000000000000f450 0000000000000028 W __libnx_init
000000000000f480 0000000000000020 W __libnx_exit
000000000000f4a0 00000000000000a0 T __nx_dynamic
000000000000f540 0000000000000030 T _convert_errno
000000000000f570 0000000000000060 T condvarWaitTimeout
000000000000f5d0 000000000000007c t _GetRegionFromInfo.isra.1
000000000000f650 0000000000000114 T virtmemSetup
000000000000f770 000000000000013c T virtmemReserve
000000000000f8b0 0000000000000004 T virtmemFree
000000000000f8c0 000000000000008c T mutexLock
000000000000f950 0000000000000030 T mutexUnlock
000000000000f980 000000000000004c T rmutexLock
000000000000f9d0 000000000000001c T rmutexUnlock
000000000000f9f0 0000000000000034 t ipcCloseObjectById
000000000000fa30 000000000000012c t _timeGetSession
000000000000fb60 00000000000001ec T timeExit
000000000000fd50 00000000000000d8 T timeInitialize
000000000000fe30 0000000000000124 T timeGetCurrentTime
000000000000ff60 0000000000000118 T timeToCalendarTimeWithMyRule
0000000000010080 000000000000001c T __syscall_exit
00000000000100a0 0000000000000034 T __syscall_getreent
00000000000100e0 0000000000000004 T __syscall_lock_acquire
00000000000100f0 0000000000000004 T __syscall_lock_release
0000000000010100 0000000000000004 T __syscall_lock_acquire_recursive
0000000000010110 0000000000000004 T __syscall_lock_release_recursive
0000000000010120 0000000000000040 T __syscall_cond_broadcast
0000000000010160 000000000000003c T __syscall_cond_wait
00000000000101a0 0000000000000064 T __syscall_cond_wait_recursive
0000000000010210 0000000000000044 T __syscall_tls_create
0000000000010260 0000000000000018 T __syscall_tls_set
0000000000010280 0000000000000004 T __syscall_tls_get
0000000000010290 0000000000000018 T __syscall_tls_delete
00000000000102b0 000000000000027c T __libnx_init_time
0000000000010530 0000000000000080 T newlibSetup
00000000000105b0 0000000000000010 T threadTlsGet
00000000000105c0 0000000000000010 T threadTlsSet
00000000000105d0 00000000000000d8 T threadTlsAlloc
00000000000106b0 0000000000000048 T threadTlsFree
0000000000010700 0000000000000014 t my_output_message
0000000000010720 0000000000000034 t my_emit_message
0000000000010760 0000000000000024 t my_error_exit
0000000000010790 00000000000000c4 t _tjInitDecompress
0000000000010860 0000000000000250 t getSubsamp.part.1
0000000000010ab0 000000000000013c t setDecompDefaults.isra.2
0000000000010bf0 00000000000000b0 T tjDestroy
0000000000010ca0 0000000000000058 T tjInitDecompress
0000000000010d00 00000000000002e4 T tjDecompressHeader3
0000000000010ff0 0000000000000018 T tjDecompressHeader2
0000000000011010 0000000000000428 T tjDecompress2
0000000000011440 0000000000000004 t init_mem_source
0000000000011450 000000000000004c t fill_mem_input_buffer
00000000000114a0 000000000000007c t skip_input_data
0000000000011520 0000000000000004 t term_source
0000000000011530 00000000000000dc T jpeg_mem_src_tj
0000000000011610 0000000000000004 T jpeg_destroy_compress
0000000000011620 000000000000005c T jpeg_abort
0000000000011680 0000000000000034 T jpeg_destroy
00000000000116c0 0000000000000028 T jpeg_alloc_quant_table
00000000000116f0 0000000000000028 T jpeg_alloc_huff_table
0000000000011720 0000000000000124 T jpeg_CreateDecompress
0000000000011850 0000000000000004 T jpeg_destroy_decompress
0000000000011860 0000000000000004 T jpeg_abort_decompress
0000000000011870 0000000000000268 T jpeg_consume_input
0000000000011ae0 00000000000000a4 T jpeg_read_header
0000000000011b90 00000000000000ec T jpeg_finish_decompress
0000000000011c80 0000000000000118 t output_pass_setup
0000000000011da0 000000000000010c T jpeg_start_decompress
0000000000011eb0 00000000000000e4 T jpeg_read_scanlines
0000000000011fa0 0000000000000014 t finish_input_pass
0000000000011fc0 0000000000000058 t reset_input_controller
0000000000012020 00000000000002a0 t start_input_pass
00000000000122c0 0000000000000358 t consume_markers
0000000000012620 0000000000000068 T jinit_input_controller
0000000000012690 00000000000003cc t get_sof
0000000000012a60 000000000000026c t examine_app0
0000000000012cd0 0000000000000120 t skip_variable
0000000000012df0 0000000000000134 t next_marker
0000000000012f30 0000000000000020 t reset_marker_reader
0000000000012f50 0000000000000368 t get_dht
00000000000132c0 0000000000000be4 t read_markers
0000000000013eb0 00000000000000d8 t examine_app14
0000000000013f90 00000000000001ec t get_interesting_appn
0000000000014180 00000000000000bc t read_restart_marker
0000000000014240 000000000000015c T jpeg_resync_to_restart
00000000000143a0 00000000000000b0 T jinit_marker_reader
0000000000014450 00000000000001bc t prepare_for_output_pass
0000000000014610 000000000000003c t finish_output_pass
0000000000014650 0000000000000144 t use_merged_upsample.part.0
00000000000147a0 0000000000000550 T jpeg_calc_output_dimensions
0000000000014cf0 0000000000000344 T jinit_master_decompress
0000000000015040 0000000000000014 t start_pass_merged_upsample
0000000000015060 0000000000000050 t merged_1v_upsample
00000000000150b0 000000000000080c t h2v1_merged_upsample
00000000000158c0 0000000000000c74 t h2v2_merged_upsample
0000000000016540 0000000000000188 t h2v1_merged_upsample_565
00000000000166d0 00000000000001e0 t h2v1_merged_upsample_565D
00000000000168b0 0000000000000264 t h2v2_merged_upsample_565
0000000000016b20 000000000000030c t h2v2_merged_upsample_565D
0000000000016e30 0000000000000108 t merged_2v_upsample
0000000000016f40 0000000000000230 T jinit_merged_upsampler
0000000000017170 0000000000000090 t process_restart
0000000000017200 000000000000027c t start_pass_phuff_decoder
0000000000017480 0000000000000128 t decode_mcu_DC_refine
00000000000175b0 000000000000046c t decode_mcu_AC_refine
0000000000017a20 0000000000000290 t decode_mcu_AC_first
0000000000017cb0 0000000000000248 t decode_mcu_DC_first
0000000000017f00 00000000000000b4 T jinit_phuff_decoder
0000000000017fc0 000000000000011c t start_pass_dpost
00000000000180e0 000000000000008c t post_process_1pass
0000000000018170 0000000000000100 t post_process_prepass
0000000000018270 00000000000000e8 t post_process_2pass
0000000000018360 00000000000000d0 T jinit_d_post_controller
0000000000018430 0000000000000014 t start_pass_upsample
0000000000018450 000000000000014c t sep_upsample
00000000000185a0 0000000000000008 t fullsize_upsample
00000000000185b0 0000000000000008 t noop_upsample
00000000000185c0 0000000000000058 t h2v1_upsample
0000000000018620 00000000000000e0 t h2v1_fancy_upsample
0000000000018700 0000000000000098 t h1v2_fancy_upsample
00000000000187a0 0000000000000144 t h2v2_fancy_upsample
00000000000188f0 0000000000000100 t int_upsample
00000000000189f0 00000000000000a4 t h2v2_upsample
0000000000018aa0 000000000000030c T jinit_upsampler
0000000000018db0 000000000000006c t emit_message
0000000000018e20 0000000000000010 t reset_error_mgr
0000000000018e30 00000000000000cc t format_message
0000000000018f00 0000000000000044 t output_message
0000000000018f50 000000000000002c t error_exit
0000000000018f80 0000000000000058 T jpeg_std_error
0000000000018fe0 0000000000000164 t create_colorindex
0000000000019150 0000000000000090 t color_quantize
00000000000191e0 0000000000000078 t color_quantize3
0000000000019260 00000000000000ec t quantize3_ord_dither
0000000000019350 0000000000000004 t finish_pass_1_quant
0000000000019360 0000000000000014 t new_color_map_1_quant
0000000000019380 00000000000002d4 t start_pass_1_quant
0000000000019660 00000000000001d0 t quantize_fs_dither
0000000000019830 0000000000000118 t quantize_ord_dither
0000000000019950 00000000000003e4 T jinit_1pass_quantizer
0000000000019d40 000000000000008c t prescan_quantize
0000000000019dd0 00000000000000bc t init_error_limit
0000000000019e90 0000000000000004 t finish_pass2
0000000000019ea0 0000000000000010 t new_color_map_2_quant
0000000000019eb0 0000000000000178 t start_pass_2_quant
000000000001a030 000000000000048c t update_box.isra.0
000000000001a4c0 0000000000000558 t fill_inverse_cmap
000000000001aa20 0000000000000100 t pass2_no_dither
000000000001ab20 0000000000000340 t pass2_fs_dither
000000000001ae60 00000000000003d8 t finish_pass1
000000000001b240 00000000000001b4 T jinit_2pass_quantizer
000000000001b400 0000000000000010 T jdiv_round_up
000000000001b410 0000000000000018 T jround_up
000000000001b430 0000000000000068 T jcopy_sample_rows
000000000001b4a0 0000000000000014 T jcopy_block_row
000000000001b4c0 000000000000000c T jzero_far
000000000001b4d0 0000000000000128 t do_barray_io
000000000001b600 00000000000001e8 t alloc_small
000000000001b7f0 0000000000000098 t request_virt_barray
000000000001b890 0000000000000098 t request_virt_sarray
000000000001b930 000000000000013c t free_pool
000000000001ba70 0000000000000048 t self_destruct
000000000001bac0 000000000000024c t access_virt_barray
000000000001bd10 0000000000000164 t alloc_large
000000000001be80 00000000000000e0 t alloc_barray
000000000001bf60 0000000000000118 t alloc_sarray
000000000001c080 0000000000000288 t realize_virt_arrays
000000000001c310 00000000000003c0 t access_virt_sarray
000000000001c6d0 0000000000000168 T jinit_memory_mgr
000000000001c840 0000000000000008 T jpeg_get_small
000000000001c850 0000000000000008 T jpeg_free_small
000000000001c860 0000000000000008 T jpeg_get_large
000000000001c870 0000000000000008 T jpeg_free_large
000000000001c880 000000000000001c T jpeg_mem_available
000000000001c8a0 0000000000000014 T jpeg_open_backing_store
000000000001c8c0 0000000000000008 T jpeg_mem_init
000000000001c8d0 0000000000000004 T jpeg_mem_term
000000000001c8e0 0000000000000068 t get_byte
000000000001c950 00000000000001d8 t arith_decode
000000000001cb30 0000000000000368 t start_pass
000000000001cea0 0000000000000108 t process_restart
000000000001cfb0 0000000000000364 t decode_mcu
000000000001d320 0000000000000238 t decode_mcu_AC_refine
000000000001d560 00000000000000ac t decode_mcu_DC_refine
000000000001d610 000000000000021c t decode_mcu_AC_first
000000000001d830 0000000000000258 t decode_mcu_DC_first
000000000001da90 00000000000000d4 T jinit_arith_decoder
000000000001db70 0000000000000154 t init_simd.part.0
000000000001dcd0 0000000000000044 T jsimd_can_rgb_ycc
000000000001dcd0 0000000000000044 t jsimd_can_rgb_ycc.localalias.1
000000000001dd20 0000000000000030 T jsimd_can_rgb_gray
000000000001dd20 0000000000000030 t jsimd_can_rgb_gray.localalias.2
000000000001dd50 0000000000000004 T jsimd_can_ycc_rgb
000000000001dd60 0000000000000004 T jsimd_can_ycc_rgb565
000000000001dd70 00000000000000d4 T jsimd_ycc_rgb_convert
000000000001de50 0000000000000008 T jsimd_ycc_rgb565_convert
000000000001de60 0000000000000004 T jsimd_can_h2v2_upsample
000000000001de70 0000000000000004 T jsimd_can_h2v1_upsample
000000000001de80 0000000000000004 T jsimd_h2v2_upsample
000000000001de90 0000000000000004 T jsimd_h2v1_upsample
000000000001dea0 0000000000000004 T jsimd_can_h2v2_fancy_upsample
000000000001deb0 0000000000000004 T jsimd_can_h2v1_fancy_upsample
000000000001dec0 0000000000000004 T jsimd_h2v2_fancy_upsample
000000000001ded0 0000000000000004 T jsimd_h2v1_fancy_upsample
000000000001dee0 0000000000000004 T jsimd_can_h2v2_merged_upsample
000000000001def0 0000000000000004 T jsimd_can_h2v1_merged_upsample
000000000001df00 0000000000000004 T jsimd_h2v2_merged_upsample
000000000001df10 0000000000000004 T jsimd_h2v1_merged_upsample
000000000001df20 0000000000000004 T jsimd_can_idct_2x2
000000000001df30 0000000000000004 T jsimd_can_idct_4x4
000000000001df40 0000000000000014 T jsimd_idct_2x2
000000000001df60 0000000000000014 T jsimd_idct_4x4
000000000001df80 0000000000000004 T jsimd_can_idct_islow
000000000001df90 0000000000000004 T jsimd_can_idct_ifast
000000000001dfa0 0000000000000004 T jsimd_can_idct_float
000000000001dfb0 0000000000000014 T jsimd_idct_islow
000000000001dfd0 0000000000000014 T jsimd_idct_ifast
000000000001dff0 0000000000000004 T jsimd_idct_float
000000000001e000 t Ljsimd_idct_islow_neon_consts
000000000001e020 t jsimd_idct_islow_neon
000000000001e6f0 t Ljsimd_idct_ifast_neon_consts
000000000001e6f8 t jsimd_idct_ifast_neon
000000000001e9a0 t Ljsimd_idct_4x4_neon_consts
000000000001e9b8 t jsimd_idct_4x4_neon
000000000001ec80 t Ljsimd_idct_2x2_neon_consts
000000000001ec88 t jsimd_idct_2x2_neon
000000000001ee00 t Ljsimd_ycc_extrgb_neon_consts
000000000001ee20 T jsimd_ycc_extrgb_convert_neon
000000000001f090 t Ljsimd_ycc_extbgr_neon_consts
000000000001f0b0 T jsimd_ycc_extbgr_convert_neon
000000000001f320 t Ljsimd_ycc_extrgbx_neon_consts
000000000001f340 T jsimd_ycc_extrgbx_convert_neon
000000000001f5b0 t Ljsimd_ycc_extbgrx_neon_consts
000000000001f5d0 T jsimd_ycc_extbgrx_convert_neon
000000000001f840 t Ljsimd_ycc_extxbgr_neon_consts
000000000001f860 T jsimd_ycc_extxbgr_convert_neon
000000000001fad0 t Ljsimd_ycc_extxrgb_neon_consts
000000000001faf0 T jsimd_ycc_extxrgb_convert_neon
000000000001fd60 t Ljsimd_ycc_rgb565_neon_consts
000000000001fd80 t jsimd_ycc_rgb565_convert_neon
000000000001fff0 t Ljsimd_ycc_extrgb_neon_slowst3_consts
0000000000020010 T jsimd_ycc_extrgb_convert_neon_slowst3
0000000000020330 t Ljsimd_ycc_extbgr_neon_slowst3_consts
0000000000020350 T jsimd_ycc_extbgr_convert_neon_slowst3
0000000000020670 t Ljsimd_extrgb_ycc_neon_consts
0000000000020690 T jsimd_extrgb_ycc_convert_neon
0000000000020950 t Ljsimd_extbgr_ycc_neon_consts
0000000000020970 T jsimd_extbgr_ycc_convert_neon
0000000000020c30 t Ljsimd_extrgbx_ycc_neon_consts
0000000000020c50 T jsimd_extrgbx_ycc_convert_neon
0000000000020f10 t Ljsimd_extbgrx_ycc_neon_consts
0000000000020f30 T jsimd_extbgrx_ycc_convert_neon
00000000000211f0 t Ljsimd_extxbgr_ycc_neon_consts
0000000000021210 T jsimd_extxbgr_ycc_convert_neon
00000000000214d0 t Ljsimd_extxrgb_ycc_neon_consts
00000000000214f0 T jsimd_extxrgb_ycc_convert_neon
00000000000217b0 t Ljsimd_extrgb_ycc_neon_slowld3_consts
00000000000217d0 T jsimd_extrgb_ycc_convert_neon_slowld3
0000000000021b50 t Ljsimd_extbgr_ycc_neon_slowld3_consts
0000000000021b70 T jsimd_extbgr_ycc_convert_neon_slowld3
0000000000021ee8 T jsimd_convsamp_neon
0000000000021f70 t Ljsimd_fdct_islow_neon_consts
0000000000021f90 T jsimd_fdct_islow_neon
0000000000022310 t Ljsimd_fdct_ifast_neon_consts
0000000000022318 T jsimd_fdct_ifast_neon
0000000000022430 T jsimd_quantize_neon
0000000000022510 t Ljsimd_h2_downsample_neon_consts
0000000000022610 T jsimd_h2v1_downsample_neon
0000000000022680 T jsimd_h2v2_downsample_neon
0000000000022710 t Ljsimd_huff_encode_one_block_neon_consts
00000000000227e0 T jsimd_huff_encode_one_block_neon
0000000000022fc0 t Ljsimd_huff_encode_one_block_neon_slowtbl_consts
0000000000022fd0 T jsimd_huff_encode_one_block_neon_slowtbl
0000000000023960 0000000000000054 t start_input_pass
00000000000239c0 0000000000000008 t dummy_consume_data
00000000000239d0 0000000000000244 t consume_data
0000000000023c20 0000000000000264 t decompress_data
0000000000023e90 0000000000000170 t start_output_pass
0000000000024000 0000000000000350 t decompress_onepass
0000000000024350 0000000000000790 t decompress_smooth_data
0000000000024ae0 000000000000017c T jinit_d_coef_controller
0000000000024c60 000000000000010c t build_ycc_rgb_table
0000000000024d70 00000000000004b4 t ycc_rgb_convert
0000000000025230 000000000000008c t rgb_gray_convert
00000000000252c0 0000000000000164 t null_convert
0000000000025430 00000000000002d8 t gray_rgb_convert
0000000000025710 000000000000034c t rgb_rgb_convert
0000000000025a60 00000000000000e4 t ycck_cmyk_convert
0000000000025b50 0000000000000240 t ycc_rgb565_convert
0000000000025d90 00000000000002c8 t ycc_rgb565D_convert
0000000000026060 000000000000014c t rgb_rgb565_convert
00000000000261b0 00000000000001fc t rgb_rgb565D_convert
00000000000263b0 00000000000000ec t gray_rgb565_convert
00000000000264a0 0000000000000140 t gray_rgb565D_convert
00000000000265e0 0000000000000004 t start_pass_dcolor
00000000000265f0 000000000000001c t grayscale_convert
0000000000026610 0000000000000468 T jinit_color_deconverter
0000000000026a80 00000000000003f4 t start_pass
0000000000026e80 00000000000000ac T jinit_inverse_dct
0000000000026f30 00000000000000e0 t add_huff_table
0000000000027010 0000000000000384 T jpeg_make_d_derived_tbl
00000000000273a0 0000000000000178 t start_pass_huff_decoder
0000000000027520 0000000000000150 T jpeg_fill_bit_buffer
0000000000027670 000000000000016c T jpeg_huff_decode
00000000000277e0 00000000000012d8 t decode_mcu
0000000000028ac0 00000000000000f0 T jinit_huff_decoder
0000000000028bb0 000000000000009c t process_data_simple_main
0000000000028c50 0000000000000308 t process_data_context_main
0000000000028f60 0000000000000024 t process_data_crank_post
0000000000028f90 000000000000016c t start_pass_main
0000000000029100 00000000000001f8 T jinit_d_main_controller
0000000000029300 000000000000033c T jpeg_idct_float
0000000000029640 0000000000000430 T jpeg_idct_ifast
0000000000029a70 0000000000000444 T jpeg_idct_islow
0000000000029ec0 000000000000033c T jpeg_idct_7x7
000000000002a200 0000000000000210 T jpeg_idct_6x6
000000000002a410 00000000000001dc T jpeg_idct_5x5
000000000002a5f0 0000000000000114 T jpeg_idct_3x3
000000000002a710 000000000000037c T jpeg_idct_9x9
000000000002aa90 00000000000003e0 T jpeg_idct_10x10
000000000002ae70 00000000000004b8 T jpeg_idct_11x11
000000000002b330 0000000000000458 T jpeg_idct_12x12
000000000002b790 00000000000005c0 T jpeg_idct_13x13
000000000002bd50 000000000000051c T jpeg_idct_14x14
000000000002c270 0000000000000558 T jpeg_idct_15x15
000000000002c7d0 0000000000000620 T jpeg_idct_16x16
000000000002cdf0 00000000000002cc T jpeg_idct_4x4
000000000002d0c0 00000000000001b8 T jpeg_idct_2x2
000000000002d280 0000000000000030 T jpeg_idct_1x1
000000000002d2b0 0000000000000004 T operator new[](unsigned long)
000000000002d2b8 0000000000000068 T operator new(unsigned long)
000000000002d320 000000000000000c T std::bad_alloc::what() const
000000000002d330 0000000000000014 T std::bad_alloc::~bad_alloc()
000000000002d330 0000000000000014 T std::bad_alloc::~bad_alloc()
000000000002d348 0000000000000028 T std::bad_alloc::~bad_alloc()
000000000002d370 0000000000000084 t get_adjusted_ptr(std::type_info const*, std::type_info const*, void**)
000000000002d3f8 000000000000015c t read_encoded_value_with_base(unsigned char, unsigned long, unsigned char const*, unsigned long*)
000000000002d558 00000000000000c0 t get_ttype_entry(lsda_header_info*, unsigned long)
000000000002d618 0000000000000094 t check_exception_spec(lsda_header_info*, std::type_info const*, void*, long)
000000000002d6b0 000000000000006c t base_of_encoded_value(unsigned char, _Unwind_Context*)
000000000002d720 0000000000000108 t parse_lsda_header(_Unwind_Context*, unsigned char const*, lsda_header_info*)
000000000002d828 00000000000004dc T __gxx_personality_v0
000000000002dd08 00000000000000f0 T __cxa_call_unexpected
000000000002ddf8 0000000000000010 T std::get_new_handler()
000000000002de08 000000000000000c W __gnu_cxx::__concurrence_lock_error::what() const
000000000002de18 000000000000000c W __gnu_cxx::__concurrence_unlock_error::what() const
000000000002de28 000000000000000c W __gnu_cxx::__concurrence_broadcast_error::what() const
000000000002de38 000000000000000c W __gnu_cxx::__concurrence_wait_error::what() const
000000000002de48 0000000000000020 t (anonymous namespace)::init()
000000000002de68 0000000000000020 t (anonymous namespace)::init_static_cond()
000000000002de88 0000000000000014 W __gnu_cxx::__concurrence_lock_error::~__concurrence_lock_error()
000000000002de88 0000000000000014 W __gnu_cxx::__concurrence_lock_error::~__concurrence_lock_error()
000000000002dea0 0000000000000014 W __gnu_cxx::__concurrence_wait_error::~__concurrence_wait_error()
000000000002dea0 0000000000000014 W __gnu_cxx::__concurrence_wait_error::~__concurrence_wait_error()
000000000002deb8 0000000000000014 W __gnu_cxx::__concurrence_unlock_error::~__concurrence_unlock_error()
000000000002deb8 0000000000000014 W __gnu_cxx::__concurrence_unlock_error::~__concurrence_unlock_error()
000000000002ded0 0000000000000014 W __gnu_cxx::__concurrence_broadcast_error::~__concurrence_broadcast_error()
000000000002ded0 0000000000000014 W __gnu_cxx::__concurrence_broadcast_error::~__concurrence_broadcast_error()
000000000002dee8 0000000000000038 W __gnu_cxx::__concurrence_lock_error::~__concurrence_lock_error()
000000000002df20 0000000000000038 W __gnu_cxx::__concurrence_wait_error::~__concurrence_wait_error()
000000000002df58 0000000000000038 W __gnu_cxx::__concurrence_unlock_error::~__concurrence_unlock_error()
000000000002df90 0000000000000038 W __gnu_cxx::__concurrence_broadcast_error::~__concurrence_broadcast_error()
000000000002dfc8 0000000000000034 W __gnu_cxx::__throw_concurrence_lock_error()
000000000002e000 0000000000000034 W __gnu_cxx::__throw_concurrence_broadcast_error()
000000000002e038 0000000000000164 T __cxa_guard_acquire
000000000002e1a0 00000000000000d0 T __cxa_guard_release
000000000002e270 0000000000000004 T std::exception::~exception()
000000000002e270 0000000000000004 T std::exception::~exception()
000000000002e278 0000000000000014 T std::bad_exception::~bad_exception()
000000000002e278 0000000000000014 T std::bad_exception::~bad_exception()
000000000002e290 000000000000000c T std::bad_exception::what() const
000000000002e2a0 0000000000000028 T std::bad_exception::~bad_exception()
000000000002e2c8 0000000000000004 T operator delete(void*, unsigned long)
000000000002e2d0 0000000000000064 t __gxx_exception_cleanup(_Unwind_Reason_Code, _Unwind_Exception*)
000000000002e338 0000000000000058 T __cxa_init_primary_exception
000000000002e390 0000000000000054 T __cxa_throw
000000000002e3e8 0000000000000070 T __cxa_rethrow
000000000002e458 00000000000000a0 T __cxa_begin_catch
000000000002e4f8 0000000000000094 T __cxa_end_catch
000000000002e590 0000000000000160 t (anonymous namespace)::pool::free(void*) [clone .constprop.2]
000000000002e6f0 0000000000000128 t (anonymous namespace)::pool::allocate(unsigned long) [clone .constprop.3]
000000000002e818 0000000000000064 T __cxa_allocate_exception
000000000002e880 0000000000000030 T __cxa_free_exception
000000000002e8b0 0000000000000004 T operator delete(void*)
000000000002e8b8 0000000000000014 T __cxxabiv1::__si_class_type_info::~__si_class_type_info()
000000000002e8b8 0000000000000014 T __cxxabiv1::__si_class_type_info::~__si_class_type_info()
000000000002e8d0 0000000000000028 T __cxxabiv1::__si_class_type_info::~__si_class_type_info()
000000000002e8f8 0000000000000080 T __cxxabiv1::__si_class_type_info::__do_find_public_src(long, void const*, __cxxabiv1::__class_type_info const*, void const*) const
000000000002e978 000000000000013c T __cxxabiv1::__si_class_type_info::__do_dyncast(long, __cxxabiv1::__class_type_info::__sub_kind, __cxxabiv1::__class_type_info const*, void const*, __cxxabiv1::__class_type_info const*, void const*, __cxxabiv1::__class_type_info::__dyncast_result&) const
000000000002eab8 0000000000000068 T __cxxabiv1::__si_class_type_info::__do_upcast(__cxxabiv1::__class_type_info const*, void const*, __cxxabiv1::__class_type_info::__upcast_result&) const
000000000002eb20 0000000000000070 t std::local_Rb_tree_decrement(std::_Rb_tree_node_base*)
000000000002eb90 0000000000000058 T std::_Rb_tree_increment(std::_Rb_tree_node_base*)
000000000002eb90 0000000000000058 t std::_Rb_tree_increment(std::_Rb_tree_node_base*) [clone .localalias.2]
000000000002ebe8 0000000000000004 T std::_Rb_tree_decrement(std::_Rb_tree_node_base*)
000000000002ebf0 0000000000000298 T std::_Rb_tree_insert_and_rebalance(bool, std::_Rb_tree_node_base*, std::_Rb_tree_node_base*, std::_Rb_tree_node_base&)
000000000002ee88 0000000000000008 T std::logic_error::what() const
000000000002ee90 0000000000000074 T std::logic_error::~logic_error()
000000000002ee90 0000000000000074 T std::logic_error::~logic_error()
000000000002ef08 0000000000000024 T std::logic_error::~logic_error()
000000000002ef30 0000000000000014 T std::length_error::~length_error()
000000000002ef30 0000000000000014 T std::length_error::~length_error()
000000000002ef48 0000000000000024 T std::length_error::~length_error()
000000000002ef70 0000000000000048 T std::logic_error::logic_error(char const*)
000000000002ef70 0000000000000048 T std::logic_error::logic_error(char const*)
000000000002efb8 0000000000000030 T std::length_error::length_error(char const*)
000000000002efb8 0000000000000030 T std::length_error::length_error(char const*)
000000000002efe8 0000000000000018 T std::__cow_string::__cow_string(char const*, unsigned long)
000000000002efe8 0000000000000018 T std::__cow_string::__cow_string(char const*, unsigned long)
000000000002f000 0000000000000084 W std::string::_Rep::_S_create(unsigned long, unsigned long, std::allocator<char> const&)
000000000002f088 0000000000000098 t char* std::string::_S_construct<char*>(char*, char*, std::allocator<char> const&, std::forward_iterator_tag) [clone .part.22]
000000000002f088 0000000000000098 t char* std::string::_S_construct<char const*>(char const*, char const*, std::allocator<char> const&, std::forward_iterator_tag) [clone .part.25]
000000000002f120 0000000000000004 W std::string::_Rep::_M_destroy(std::allocator<char> const&)
000000000002f128 0000000000000034 W char* std::string::_S_construct<char const*>(char const*, char const*, std::allocator<char> const&, std::forward_iterator_tag)
000000000002f160 0000000000000034 W std::basic_string<char, std::char_traits<char>, std::allocator<char> >::basic_string(char const*, unsigned long, std::allocator<char> const&)
000000000002f160 0000000000000034 W std::basic_string<char, std::char_traits<char>, std::allocator<char> >::basic_string(char const*, unsigned long, std::allocator<char> const&)
000000000002f198 000000000000004c W std::basic_string<char, std::char_traits<char>, std::allocator<char> >::basic_string(char const*, std::allocator<char> const&)
000000000002f198 000000000000004c W std::basic_string<char, std::char_traits<char>, std::allocator<char> >::basic_string(char const*, std::allocator<char> const&)
000000000002f1e8 0000000000000054 T std::__throw_logic_error(char const*)
000000000002f240 0000000000000054 T std::__throw_length_error(char const*)
000000000002f298 000000000000000c t (anonymous namespace)::generic_error_category::name() const
000000000002f2a8 000000000000000c t (anonymous namespace)::system_error_category::name() const
000000000002f2b8 0000000000000010 T std::_V2::error_category::default_error_condition(int) const
000000000002f2c8 0000000000000050 T std::_V2::error_category::equivalent(int, std::error_condition const&) const
000000000002f318 0000000000000024 T std::_V2::error_category::equivalent(std::error_code const&, int) const
000000000002f340 0000000000000078 T std::_V2::error_category::_M_message[abi:cxx11](int) const
000000000002f3b8 0000000000000054 t (anonymous namespace)::system_error_category::message[abi:cxx11](int) const
000000000002f3b8 0000000000000054 t (anonymous namespace)::generic_error_category::message[abi:cxx11](int) const
000000000002f410 0000000000000004 T std::_V2::error_category::~error_category()
000000000002f410 0000000000000004 T std::_V2::error_category::~error_category()
000000000002f418 0000000000000014 t (anonymous namespace)::system_error_category::~system_error_category()
000000000002f418 0000000000000014 t (anonymous namespace)::system_error_category::~system_error_category()
000000000002f430 0000000000000034 t (anonymous namespace)::system_error_category::~system_error_category()
000000000002f468 0000000000000014 t (anonymous namespace)::generic_error_category::~generic_error_category()
000000000002f468 0000000000000014 t (anonymous namespace)::generic_error_category::~generic_error_category()
000000000002f480 0000000000000034 t (anonymous namespace)::generic_error_category::~generic_error_category()
000000000002f4b8 000000000000000c T std::_V2::system_category()
000000000002f4c8 000000000000000c T std::_V2::generic_category()
000000000002f4d8 0000000000000074 t (anonymous namespace)::system_error_category::default_error_condition(int) const
000000000002f550 0000000000000044 T __cxa_call_terminate
000000000002f598 0000000000000014 W __eh_globals_init::~__eh_globals_init()
000000000002f598 0000000000000014 W __eh_globals_init::~__eh_globals_init()
000000000002f5b0 0000000000000048 t eh_globals_dtor(void*)
000000000002f5f8 0000000000000024 T __cxa_get_globals_fast
000000000002f620 0000000000000074 T __cxa_get_globals
000000000002f698 000000000000003c T __cxxabiv1::__terminate(void (*)())
000000000002f6d8 0000000000000010 T std::get_terminate()
000000000002f6e8 0000000000000010 T std::terminate()
000000000002f6f8 0000000000000010 T __cxxabiv1::__unexpected(void (*)())
000000000002f708 0000000000000010 T std::get_unexpected()
000000000002f718 0000000000000010 T std::unexpected()
000000000002f728 0000000000000004 T std::type_info::~type_info()
000000000002f728 0000000000000004 T std::type_info::~type_info()
000000000002f730 0000000000000008 T std::type_info::__is_pointer_p() const
000000000002f730 0000000000000008 T std::type_info::__is_function_p() const
000000000002f738 000000000000006c T __cxxabiv1::__class_type_info::__do_upcast(__cxxabiv1::__class_type_info const*, void**) const
000000000002f7a8 0000000000000010 T __cxxabiv1::__class_type_info::__do_find_public_src(long, void const*, __cxxabiv1::__class_type_info const*, void const*) const
000000000002f7b8 0000000000000014 T __cxxabiv1::__class_type_info::~__class_type_info()
000000000002f7b8 0000000000000014 T __cxxabiv1::__class_type_info::~__class_type_info()
000000000002f7d0 0000000000000028 T __cxxabiv1::__class_type_info::~__class_type_info()
000000000002f7f8 00000000000000d4 T __cxxabiv1::__class_type_info::__do_dyncast(long, __cxxabiv1::__class_type_info::__sub_kind, __cxxabiv1::__class_type_info const*, void const*, __cxxabiv1::__class_type_info const*, void const*, __cxxabiv1::__class_type_info::__dyncast_result&) const
000000000002f8d0 0000000000000068 T __cxxabiv1::__class_type_info::__do_upcast(__cxxabiv1::__class_type_info const*, void const*, __cxxabiv1::__class_type_info::__upcast_result&) const
000000000002f938 00000000000000a8 T __cxxabiv1::__class_type_info::__do_catch(std::type_info const*, void**, unsigned int) const
000000000002f9e0 000000000000015c t read_encoded_value_with_base
000000000002fb40 0000000000000070 t base_of_encoded_value
000000000002fbb0 000000000000080c t execute_cfa_program
00000000000303c0 000000000000040c t uw_frame_state_for
00000000000307d0 0000000000000158 t init_dwarf_reg_size_table
0000000000030928 0000000000000720 t execute_stack_op
0000000000031048 000000000000037c t uw_update_context_1
00000000000313c8 0000000000000244 t uw_init_context_1
0000000000031610 00000000000000b4 t uw_update_context
00000000000316c8 00000000000000e0 t _Unwind_RaiseException_Phase2
00000000000317a8 0000000000000118 t _Unwind_ForcedUnwind_Phase2
00000000000318c0 0000000000000164 t uw_install_context_1
0000000000031a28 0000000000000054 t _Unwind_SetGR
0000000000031a80 0000000000000014 t _Unwind_GetIPInfo
0000000000031a98 0000000000000008 t _Unwind_SetIP
0000000000031aa0 0000000000000008 t _Unwind_GetLanguageSpecificData
0000000000031aa8 0000000000000008 t _Unwind_GetRegionStart
0000000000031ab0 0000000000000008 t _Unwind_GetDataRelBase
0000000000031ab8 0000000000000008 t _Unwind_GetTextRelBase
0000000000031ac0 0000000000000004 t _Unwind_DebugHook
0000000000031ac8 000000000000018c t _Unwind_RaiseException
0000000000031c58 0000000000000114 t _Unwind_Resume
0000000000031d70 0000000000000110 t _Unwind_Resume_or_Rethrow
0000000000031e80 0000000000000018 t _Unwind_DeleteException
0000000000031e98 000000000000001c t fde_unencoded_compare
0000000000031eb8 00000000000000f4 t frame_downheap
0000000000031fb0 00000000000000c0 t frame_heapsort
0000000000032070 0000000000000060 t size_of_encoded_value
00000000000320d0 000000000000015c t read_encoded_value_with_base
0000000000032230 0000000000000120 t get_cie_encoding
0000000000032350 0000000000000068 t base_from_object.isra.5
00000000000323b8 0000000000000090 t fde_single_encoding_compare
0000000000032448 0000000000000194 t classify_object_over_fdes
00000000000325e0 0000000000000148 t add_fdes
0000000000032728 0000000000000188 t linear_search_fdes
00000000000328b0 00000000000000bc t fde_mixed_encoding_compare
0000000000032970 0000000000000698 t search_object
0000000000033008 0000000000000120 t __deregister_frame_info_bases.part.8
0000000000033128 0000000000000054 t __register_frame_info.part.7
0000000000033180 0000000000000014 t __register_frame_info
0000000000033198 0000000000000018 t __deregister_frame_info
00000000000331b0 00000000000001c0 t _Unwind_Find_FDE
0000000000033370 0000000000000070 t __sfp_handle_exceptions
00000000000333e0 0000000000000018 T abort
00000000000333f8 00000000000000b8 T bsearch
00000000000334b0 0000000000000030 T calloc
00000000000334e0 0000000000000094 T _calloc_r
0000000000033578 0000000000000014 T __cxa_atexit
0000000000033590 0000000000000014 T __errno
00000000000335a8 000000000000015c T _fclose_r
0000000000033708 0000000000000214 T __sflush_r
0000000000033920 00000000000000b8 T _fflush_r
00000000000339d8 0000000000000040 T fflush
0000000000033a18 0000000000000078 t std
0000000000033a90 000000000000000c T _cleanup_r
0000000000033aa0 000000000000000c T __sfp_lock_acquire
0000000000033ab0 000000000000000c T __sfp_lock_release
0000000000033ac0 000000000000000c T __sinit_lock_acquire
0000000000033ad0 000000000000000c T __sinit_lock_release
0000000000033ae0 0000000000000080 T __sinit
0000000000033b60 0000000000000044 T __libc_fini_array
0000000000033ba8 0000000000000094 T fprintf
0000000000033c40 0000000000000118 T _malloc_trim_r
0000000000033d58 00000000000002f4 T _free_r
0000000000034050 00000000000000bc T _fwalk_reent
0000000000034110 0000000000000024 T getenv
0000000000034138 0000000000000100 T _findenv_r
0000000000034238 000000000000008c T __libc_init_array
00000000000342c8 0000000000000008 T iswspace
00000000000342d0 000000000000002c T __locale_mb_cur_max
0000000000034300 00000000000000a4 T __swhatbuf_r
00000000000343a8 000000000000010c T __smakebuf_r
00000000000344b8 0000000000000030 T memalign
00000000000344e8 0000000000000198 T _memalign_r
0000000000034680 000000000000001c T malloc
00000000000346a0 000000000000001c T free
00000000000346c0 000000000000087c T _malloc_r
0000000000034f40 00000000000000d8 T _mbrtowc_r
0000000000035018 00000000000002c8 T __utf8_mbtowc
00000000000352e0 00000000000000d8 T memchr
00000000000353c0 000000000000016c T memcpy
0000000000035540 00000000000000ac T memmove
0000000000035600 00000000000001dc T memset
00000000000357e0 000000000000000c T __malloc_lock
00000000000357f0 000000000000000c T __malloc_unlock
0000000000035800 000000000000008c T printf
0000000000035890 000000000000001c T putenv
00000000000358b0 0000000000000090 T _putenv_r
0000000000035940 000000000000003c T setenv
0000000000035980 0000000000000264 T _setenv_r
0000000000035be4 0000000000000038 T setjmp
0000000000035c1c 000000000000003c T longjmp
0000000000035c58 00000000000000b4 T _raise_r
0000000000035d10 000000000000001c T raise
0000000000035d30 00000000000000a8 T sprintf
0000000000035dd8 00000000000000bc T sscanf
0000000000035e98 0000000000000050 T __sread
0000000000035ee8 0000000000000008 T __seofread
0000000000035ef0 000000000000006c T __swrite
0000000000035f60 0000000000000050 T __sseek
0000000000035fb0 0000000000000008 T __sclose
0000000000035fb8 00000000000000dc T strchr
00000000000360c0 00000000000000e4 T strcmp
00000000000361a8 0000000000000058 T _strdup_r
0000000000036200 0000000000000418 T _strerror_r
0000000000036618 0000000000000024 T strerror
0000000000036640 0000000000000140 T strlen
0000000000036780 0000000000000084 T strncat
000000000003685c 00000000000001b8 T strncmp
0000000000036a18 00000000000000a8 T strncpy
0000000000036ae4 00000000000000e0 T strnlen
0000000000036ba0 0000000000000054 t sulp
0000000000036bf8 00000000000010e8 T _strtod_l
0000000000037ce0 0000000000000040 T _strtod_r
0000000000037d20 00000000000001a0 t _strtol_l.isra.0
0000000000037ec0 0000000000000034 T _strtol_r
0000000000037ef8 00000000000001ac t _strtoul_l.isra.0
00000000000380a8 0000000000000034 T _strtoul_r
00000000000380e0 0000000000000048 T strtoul
0000000000038128 000000000000076c t get_arg
0000000000038894 0000000000003b38 T _svfprintf_r
000000000003c3cc 000000000000005c t get_arg
000000000003c428 0000000000002fd8 T __ssvfscanf_r
000000000003f400 000000000000001c T close
000000000003f420 0000000000000008 T _user_strerror
000000000003f428 000000000000076c t get_arg
000000000003fb94 0000000000003c28 T _vfprintf_r
00000000000437bc 00000000000000ec t __sbprintf
00000000000438a8 00000000000000d0 T _wcrtomb_r
0000000000043978 0000000000000010 T _wcsrtombs_r
0000000000043988 00000000000000e4 T __utf8_wctomb
0000000000043a70 0000000000000140 T __swsetup_r
0000000000043bb0 00000000000000d0 T __register_exitproc
0000000000043c80 0000000000000124 T __call_exitprocs
0000000000043da8 00000000000001a8 t quorem
0000000000043f50 00000000000010dc T _dtoa_r
0000000000045030 000000000000000c T __env_lock
0000000000045040 000000000000000c T __env_unlock
0000000000045050 00000000000004b8 T __sfvwrite_r
0000000000045508 0000000000000114 t rshift
0000000000045620 00000000000007e8 T __gethex
0000000000045e08 0000000000000048 T __match
0000000000045e50 000000000000022c T __hexnan
0000000000046080 000000000000004c T iswspace_l
00000000000460d0 0000000000000244 t __jp2uc
0000000000046318 00000000000000bc T _jp2uc_l
00000000000463d8 0000000000000008 T __localeconv_l
00000000000463e0 0000000000000028 T _localeconv_r
0000000000046408 0000000000000090 T _Balloc
0000000000046498 000000000000001c T _Bfree
00000000000464b8 00000000000000e8 T __multadd
00000000000465a0 0000000000000120 T __s2b
00000000000466c0 000000000000005c T __hi0bits
0000000000046720 00000000000000a0 T __lo0bits
00000000000467c0 000000000000002c T __i2b
00000000000467f0 00000000000001c8 T __multiply
00000000000469b8 0000000000000104 T __pow5mult
0000000000046ac0 0000000000000134 T __lshift
0000000000046bf8 0000000000000050 T __mcmp
0000000000046c48 000000000000014c T __mdiff
0000000000046d98 0000000000000068 T __ulp
0000000000046e00 0000000000000150 T __b2d
0000000000046f50 0000000000000138 T __d2b
0000000000047088 00000000000000a0 T __ratio
0000000000047128 0000000000000068 T __copybits
0000000000047190 0000000000000084 T __any_on
0000000000047218 0000000000000030 T realloc
0000000000047248 000000000000056c T _realloc_r
00000000000477b8 00000000000000bc T __sccl
0000000000047878 000000000000000c T nanf
0000000000047888 000000000000007c T frexp
0000000000047908 000000000000000c T nan
0000000000047918 00000000000000c8 T stpncpy
00000000000479e0 00000000000001a0 t _strtoll_l.isra.0
0000000000047b80 0000000000000034 T _strtoll_r
0000000000047bb8 00000000000001ac t _strtoull_l.isra.0
0000000000047d68 0000000000000034 T _strtoull_r
0000000000047d9c 00000000000001c0 T __ssprint_r
0000000000047f5c 00000000000000f4 T _sungetc_r
0000000000048050 0000000000000070 T __ssrefill_r
00000000000480c0 00000000000000e0 T _sfread_r
00000000000481a0 00000000000000c8 T __submore
0000000000048268 000000000000003c T __sprint_r
00000000000482a8 00000000000001dc T _wcsnrtombs_l
0000000000048488 0000000000000054 T _wcsnrtombs_r
00000000000484e0 0000000000000088 T category
0000000000048568 0000000000000008 t null_write
0000000000048570 0000000000000018 T setDefaultDevice
0000000000048588 0000000000000108 T FindDevice
0000000000048690 0000000000000034 T RemoveDevice
00000000000486c8 00000000000000d8 T AddDevice
00000000000487a0 00000000000000a8 T _close_r
0000000000048848 0000000000000080 T _fstat_r
00000000000488c8 0000000000000010 T _getpid_r
00000000000488d8 0000000000000008 T _isatty_r
00000000000488e0 0000000000000010 T _kill_r
00000000000488f0 0000000000000094 T _lseek_r
0000000000048988 00000000000000a4 T _read_r
0000000000048a30 0000000000000078 T _sbrk_r
0000000000048aa8 00000000000000a4 T _write_r
0000000000048b50 0000000000000020 T _exit
0000000000048b70 0000000000000234 T _concatenate_path
0000000000048da8 0000000000000178 T chdir
0000000000048f20 0000000000000014 T __libc_lock_acquire
0000000000048f38 0000000000000014 T __libc_lock_release
0000000000048f50 000000000000000c T __libc_lock_init_recursive
0000000000048f60 0000000000000014 T __libc_lock_acquire_recursive
0000000000048f78 0000000000000014 T __libc_lock_release_recursive
0000000000048f90 0000000000000004 T __libc_lock_close_recursive
0000000000048f98 0000000000000018 T __libc_cond_broadcast
0000000000048fb0 0000000000000018 T __libc_cond_wait
0000000000048fc8 0000000000000018 T __libc_cond_wait_recursive
0000000000048fe0 000000000000003c T __free_handle
0000000000049020 0000000000000058 T __release_handle
0000000000049078 00000000000000c0 T __alloc_handle
0000000000049138 0000000000000020 T __get_handle
0000000000049158 0000000000000130 T dup2
0000000000049288 0000000000000020 T __getreent
00000000000492a8 0000000000000044 t __pthread_cond_wait_common
00000000000492f0 000000000000006c T pthread_mutex_lock
0000000000049360 000000000000006c T pthread_mutex_unlock
00000000000493d0 0000000000000014 T pthread_cond_broadcast
00000000000493e8 000000000000001c T pthread_cond_wait
0000000000049408 00000000000000dc T pthread_once
00000000000494e8 0000000000000024 T pthread_key_create
0000000000049510 0000000000000018 T pthread_setspecific
0000000000049528 0000000000000018 T pthread_getspecific
0000000000049540 0000000000000018 T pthread_key_delete
0000000000049558 0000000000000150 t __extenddftf2
00000000000496a8 0000000000000348 t __trunctfdf2
00000000000499f0 0000000000000100 T strrchr
0000000000049af0 T _fini
000000000004a000 R __rodata_start
000000000004a098 000000000000005c r edz::helper::SaveFileSystem::getAllTitles()::__PRETTY_FUNCTION__
000000000004a1e8 0000000000000014 r CSWTCH.93
000000000004a220 000000000000003c r g_nacpLanguageTable
000000000004a278 0000000000000020 r error_table
000000000004a2b0 0000000000000038 r g_defaultSocketInitConfig
000000000004a328 0000000000000086 r _error_code_map
000000000004a3c8 0000000000000018 r pixelsize
000000000004a400 0000000000000080 r sf
000000000004a7d0 0000000000000018 r tjMCUHeight
000000000004a7e8 0000000000000018 r tjMCUWidth
000000000004a800 0000000000000030 r tjPixelSize
000000000004a830 0000000000000004 r mybuffer.5729
000000000004a838 0000000000000044 r rgb_pixelsize
000000000004a880 0000000000000020 r dither_matrix
000000000004bc90 0000000000000100 r base_dither_matrix
000000000004bd90 0000000000000044 r rgb_blue
000000000004bdd8 0000000000000044 r rgb_green
000000000004be20 0000000000000044 r rgb_red
000000000004be68 000000000000000c r c_scales
000000000004be78 0000000000000044 r rgb_blue
000000000004bec0 0000000000000044 r rgb_green
000000000004bf08 0000000000000044 r rgb_red
000000000004bf50 0000000000000140 R jpeg_natural_order
000000000004c090 0000000000000010 r extra_pool_slop
000000000004c0a0 0000000000000010 r first_pool_slop
000000000004c118 0000000000000020 r dither_matrix
000000000004c138 0000000000000044 r rgb_blue
000000000004c180 0000000000000044 r rgb_green
000000000004c1c8 0000000000000044 r rgb_pixelsize
000000000004c210 0000000000000044 r rgb_red
000000000004c258 0000000000000040 r aanscalefactor.6280
000000000004c298 0000000000000080 r aanscales.6272
000000000004c318 0000000000000011 r bits_ac_chrominance.6064
000000000004c330 0000000000000011 r bits_ac_luminance.6062
000000000004c348 0000000000000011 r bits_dc_chrominance.6060
000000000004c360 0000000000000011 r bits_dc_luminance.6058
000000000004c378 00000000000000a2 r val_ac_chrominance.6065
000000000004c420 00000000000000a2 r val_ac_luminance.6063
000000000004c4c8 000000000000000c r val_dc_chrominance.6061
000000000004c4d8 000000000000000c r val_dc_luminance.6059
000000000004c4e8 0000000000000390 R jpeg_aritab
000000000004c878 000000000000000d V typeinfo name for std::bad_alloc
000000000004c898 0000000000000027 V typeinfo name for __gnu_cxx::__concurrence_lock_error
000000000004c8c0 0000000000000029 V typeinfo name for __gnu_cxx::__concurrence_unlock_error
000000000004c8f0 000000000000002c V typeinfo name for __gnu_cxx::__concurrence_broadcast_error
000000000004c920 0000000000000027 V typeinfo name for __gnu_cxx::__concurrence_wait_error
000000000004c9f0 000000000000000d V typeinfo name for std::exception
000000000004ca00 0000000000000012 V typeinfo name for std::bad_exception
000000000004ca18 0000000000000020 V typeinfo name for __cxxabiv1::__forced_unwind
000000000004ca38 0000000000000024 V typeinfo name for __cxxabiv1::__foreign_exception
000000000004ca78 0000000000000025 V typeinfo name for __cxxabiv1::__si_class_type_info
000000000004caa0 0000000000000010 V typeinfo name for std::logic_error
000000000004cab0 0000000000000011 V typeinfo name for std::length_error
000000000004cba0 0000000000000019 V typeinfo name for std::_V2::error_category
000000000004cbd0 0000000000000029 r typeinfo name for (anonymous namespace)::system_error_category
000000000004cc00 000000000000002a r typeinfo name for (anonymous namespace)::generic_error_category
000000000004cc30 000000000000000d V typeinfo name for std::type_info
000000000004cc40 0000000000000022 V typeinfo name for __cxxabiv1::__class_type_info
000000000004ced0 0000000000000008 r terminator.9403
000000000004ced8 0000000000000101 R _ctype_
000000000004d920 0000000000000014 r fpi.5419
000000000004d938 0000000000000014 r fpinan.5455
000000000004d950 0000000000000028 r tinytens
000000000004db00 0000000000000010 r blanks.6590
000000000004db10 0000000000000010 r zeroes.6591
000000000004dbe0 0000000000000022 r basefix.6623
000000000004dd50 0000000000000010 r blanks.6605
000000000004dd60 0000000000000010 r zeroes.6606
000000000004dda0 0000000000000100 R __hexdig
000000000004deb8 00000000000000bc r a1
000000000004df78 00000000000000bc r a2
000000000004e038 000000000000005b r a3
000000000004e098 0000000000000070 r a6
000000000004e108 00000000000000a2 r a7
000000000004e1b0 0000000000000040 r a8
000000000004e1f0 000000000000172a r b02cf
000000000004f920 0000000000001a7c r d02f4
00000000000513a0 0000000000000028 R __mprec_bigtens
00000000000513c8 00000000000000c8 R __mprec_tens
0000000000051490 000000000000000c r p05.5339
00000000000514a0 000000000000006c R __action_table
0000000000051510 0000000000000100 R __chclass
0000000000051610 000000000000006c R __state_table
0000000000051680 000000000000309c r categories
0000000000054728 0000000000000003 R DIRECTORY_PARENT
0000000000054730 r __EH_FRAME_BEGIN__
0000000000054730 R __eh_frame_hdr_end
0000000000054730 R __eh_frame_hdr_start
000000000005e460 r __FRAME_END__
000000000005e610 a _DYNAMIC
0000000000064000 R __data_start
0000000000064000 t __frame_dummy_init_array_entry
0000000000064000 T __init_array_start
0000000000064000 B __preinit_array_end
0000000000064000 B __preinit_array_start
0000000000064000 D __tdata_lma
0000000000064000 D __tdata_lma_end
0000000000064040 t __do_global_dtors_aux_fini_array_entry
0000000000064040 T __fini_array_start
0000000000064040 T __init_array_end
0000000000064048 T __fini_array_end
0000000000064048 T __got_start__
0000000000064048 a _GLOBAL_OFFSET_TABLE_
0000000000064678 D __dso_handle
0000000000064678 D __got_end__
0000000000064680 0000000000000008 V DW.ref.__gxx_personality_v0
0000000000064688 0000000000000001 V __nx_applet_auto_notifyrunning
000000000006468c 0000000000000004 V __nx_applet_type
0000000000064690 0000000000000004 d sock
0000000000064698 0000000000000401 d __cwd
0000000000064a9c 0000000000000004 d fsdev_fsdevice_cwd
0000000000064aa0 0000000000000004 d fsdev_fsdevice_default
0000000000064aa8 00000000000000e0 d fsdev_devoptab
0000000000064b88 00000000000000e0 d g_socketDevoptab
0000000000064c68 0000000000000008 d g_bsdClientPid
0000000000064c70 0000000000000008 V __nx_exception_stack_size
0000000000064c78 00000000000000c8 d errStr
0000000000064d40 0000000000000400 D jpeg_std_message_table
0000000000065140 0000000000000004 d simd_features
0000000000065144 0000000000000004 d simd_huffman
0000000000065148 0000000000000004 d simd_support
0000000000065150 0000000000000018 V typeinfo for std::bad_alloc
0000000000065168 0000000000000028 V vtable for std::bad_alloc
0000000000065190 0000000000000018 V typeinfo for __gnu_cxx::__concurrence_lock_error
00000000000651a8 0000000000000018 V typeinfo for __gnu_cxx::__concurrence_unlock_error
00000000000651c0 0000000000000018 V typeinfo for __gnu_cxx::__concurrence_broadcast_error
00000000000651d8 0000000000000018 V typeinfo for __gnu_cxx::__concurrence_wait_error
00000000000651f0 0000000000000028 V vtable for __gnu_cxx::__concurrence_lock_error
0000000000065218 0000000000000028 V vtable for __gnu_cxx::__concurrence_unlock_error
0000000000065240 0000000000000028 V vtable for __gnu_cxx::__concurrence_broadcast_error
0000000000065268 0000000000000028 V vtable for __gnu_cxx::__concurrence_wait_error
0000000000065290 0000000000000010 V typeinfo for std::exception
00000000000652a0 0000000000000018 V typeinfo for std::bad_exception
00000000000652b8 0000000000000010 V typeinfo for __cxxabiv1::__forced_unwind
00000000000652c8 0000000000000010 V typeinfo for __cxxabiv1::__foreign_exception
00000000000652d8 0000000000000028 V vtable for std::bad_exception
0000000000065300 0000000000000018 V typeinfo for __cxxabiv1::__si_class_type_info
0000000000065318 0000000000000058 V vtable for __cxxabiv1::__si_class_type_info
0000000000065370 0000000000000018 V typeinfo for std::logic_error
0000000000065388 0000000000000018 V typeinfo for std::length_error
00000000000653a0 0000000000000028 V vtable for std::logic_error
00000000000653c8 0000000000000028 V vtable for std::length_error
00000000000653f0 0000000000000010 V typeinfo for std::_V2::error_category
0000000000065400 0000000000000008 d (anonymous namespace)::system_category_instance
0000000000065408 0000000000000008 d (anonymous namespace)::generic_category_instance
0000000000065410 0000000000000018 d typeinfo for (anonymous namespace)::system_error_category
0000000000065428 0000000000000018 d typeinfo for (anonymous namespace)::generic_error_category
0000000000065440 0000000000000050 d vtable for (anonymous namespace)::system_error_category
0000000000065490 0000000000000050 d vtable for (anonymous namespace)::generic_error_category
00000000000654e0 0000000000000010 V typeinfo for std::type_info
00000000000654f0 0000000000000008 D __cxxabiv1::__terminate_handler
00000000000654f8 0000000000000018 V typeinfo for __cxxabiv1::__class_type_info
0000000000065510 0000000000000058 V vtable for __cxxabiv1::__class_type_info
0000000000065568 0000000000000008 D __cxxabiv1::__unexpected_handler
0000000000065570 0000000000000008 D _impure_ptr
0000000000065578 0000000000000768 d impure_data
0000000000065ce0 0000000000000008 D _global_impure_ptr
0000000000065ce8 00000000000001a8 D __global_locale
0000000000065e90 0000000000000008 D __malloc_sbrk_base
0000000000065e98 0000000000000008 D __malloc_trim_threshold
0000000000065ea0 0000000000000810 D __malloc_av_
00000000000666b0 0000000000000008 D environ
00000000000666b8 0000000000000002 d numempty
00000000000666c0 0000000000000018 D _C_numeric_locale
00000000000666d8 0000000000000004 d defaultDevice
00000000000666e0 0000000000000080 D devoptab_list
0000000000066760 00000000000000e0 D dotab_stdnull
0000000000066840 0000000000000400 d _current_working_directory
0000000000066c40 0000000000000010 d __stderr_handle
0000000000066c50 0000000000000010 d __stdin_handle
0000000000066c60 0000000000000010 d __stdout_handle
0000000000066c70 0000000000002000 d handles
0000000000068c70 D __bss_start__
0000000000068c70 D __TMC_END__
0000000000068c70 b completed.7870
0000000000068c78 b object.7875
0000000000068ca8 0000000000000030 b edz::helper::SaveFileSystem::getAllTitles()::titles
0000000000068cd8 0000000000000008 b guard variable for edz::helper::SaveFileSystem::getAllTitles()::titles
0000000000068ce0 0000000000000008 b guard variable for edz::helper::SaveFileSystem::getAllAccounts()::accounts
0000000000068ce8 0000000000000030 b edz::helper::SaveFileSystem::getAllAccounts()::accounts
0000000000068d18 000000000000000c b g_fsSrv
0000000000068d28 0000000000000008 b g_refCnt
0000000000068d30 0000000000000008 b g_refCnt
0000000000068d38 0000000000000004 b g_smHandle
0000000000068d40 0000000000000200 b g_smOverrides
0000000000068f40 0000000000000008 b g_smOverridesNum
0000000000068f48 0000000000000008 b g_ncmRefCnt
0000000000068f50 000000000000000c b g_ncmSrv
0000000000068f60 000000000000000c b g_nsAppManSrv
0000000000068f70 000000000000000c b g_nsGetterSrv
0000000000068f80 0000000000000008 b g_nsRefCnt
0000000000068f88 0000000000000050 b g_controllerDown
0000000000068fd8 00000000000001e0 b g_controllerEntries
00000000000691b8 0000000000000190 b g_controllerHeaders
0000000000069348 0000000000000050 b g_controllerHeld
0000000000069398 0000000000000028 b g_controllerLayout
00000000000693c0 0000000000000050 b g_controllerOld
0000000000069410 0000000000000004 b g_controllerP1AutoID
0000000000069418 0000000000000050 b g_controllerTimestamps
0000000000069468 0000000000000050 b g_controllerUp
00000000000694b8 000000000000000c b g_hidIAppletResource
00000000000694c8 0000000000000010 b g_hidLock
00000000000694d8 0000000000000020 b g_hidSharedmem
00000000000694f8 000000000000000c b g_hidSrv
0000000000069508 0000000000000020 b g_keyboardDown
0000000000069528 0000000000000038 b g_keyboardEntry
0000000000069560 0000000000000020 b g_keyboardHeld
0000000000069580 0000000000000008 b g_keyboardModDown
0000000000069588 0000000000000008 b g_keyboardModHeld
0000000000069590 0000000000000008 b g_keyboardModOld
0000000000069598 0000000000000008 b g_keyboardModUp
00000000000695a0 0000000000000020 b g_keyboardOld
00000000000695c0 0000000000000008 b g_keyboardTimestamp
00000000000695c8 0000000000000020 b g_keyboardUp
00000000000695e8 0000000000000400 b g_mouse
00000000000699e8 0000000000000008 b g_mouseDown
00000000000699f0 0000000000000008 b g_mouseEntry
00000000000699f8 0000000000000008 b g_mouseHeld
0000000000069a00 0000000000000008 b g_mouseOld
0000000000069a08 0000000000000008 b g_mouseTimestamp
0000000000069a10 0000000000000008 b g_mouseUp
0000000000069a18 0000000000000008 b g_refCnt
0000000000069a20 0000000000000008 b g_sevenSixAxisSensorBuffer
0000000000069a28 0000000000000028 b g_sevenSixAxisSensorTmem0
0000000000069a50 0000000000000028 b g_sevenSixAxisSensorTmem1
0000000000069a78 000000000000000a b g_sixaxisEnabled
0000000000069a88 0000000000004650 b g_sixaxisLayouts
000000000006e0d8 0000000000000298 b g_touchEntry
000000000006e370 0000000000000008 b g_touchTimestamp
000000000006e378 000000000000000c b g_accSrv
000000000006e388 0000000000000008 b g_refCnt
000000000006e390 0000000000000008 V __nx_applet_PerformanceConfiguration
000000000006e398 0000000000000004 V __nx_applet_exit_mode
000000000006e39c 0000000000000004 b g_appletCpuBoostMode
000000000006e3a0 0000000000000001 b g_appletExitProcessFlag
000000000006e3a8 0000000000000018 b g_appletFirstHook
000000000006e3c0 0000000000000001 b g_appletFocusState
000000000006e3c8 000000000000000c b g_appletIApplicationCreator
000000000006e3d8 000000000000000c b g_appletIAudioController
000000000006e3e8 000000000000000c b g_appletICommonStateGetter
000000000006e3f8 000000000000000c b g_appletIDebugFunctions
000000000006e408 000000000000000c b g_appletIDisplayController
000000000006e418 000000000000000c b g_appletIFunctions
000000000006e428 000000000000000c b g_appletIGlobalStateController
000000000006e438 000000000000000c b g_appletILibraryAppletCreator
000000000006e448 000000000000000c b g_appletILibraryAppletSelfAccessor
000000000006e458 000000000000000c b g_appletIProcessWindingController
000000000006e468 000000000000000c b g_appletISelfController
000000000006e478 000000000000000c b g_appletIWindowController
000000000006e488 000000000000000c b g_appletLibraryAppletLaunchableEvent
000000000006e498 000000000000000c b g_appletMessageEvent
000000000006e4a4 0000000000000001 b g_appletNotifiedRunning
000000000006e4a5 0000000000000001 b g_appletOperationMode
000000000006e4a8 0000000000000004 b g_appletPerformanceMode
000000000006e4b0 000000000000000c b g_appletProxySession
000000000006e4bc 0000000000000004 b g_appletRecordingInitialized
000000000006e4c0 0000000000000028 b g_appletRecordingTmem
000000000006e4e8 0000000000000008 b g_appletResourceUserId
000000000006e4f0 000000000000000c b g_appletSrv
000000000006e500 0000000000000008 b g_refCnt
000000000006e508 0000000000000001 b g_hasRandomSeed
000000000006e509 0000000000000001 b g_isNso
000000000006e50c 0000000000000004 b g_lastLoadResult
000000000006e510 0000000000000008 b g_loaderRetAddr
000000000006e518 0000000000000004 b g_mainThreadHandle
000000000006e520 0000000000000008 b g_nextLoadArgv
000000000006e528 0000000000000008 b g_nextLoadPath
000000000006e530 0000000000000008 b g_overrideArgv
000000000006e538 0000000000000008 b g_overrideHeapAddr
000000000006e540 0000000000000008 b g_overrideHeapSize
000000000006e548 0000000000000004 b g_processHandle
000000000006e550 0000000000000010 b g_randomSeed
000000000006e560 0000000000000010 b g_syscallHints
000000000006e570 0000000000000004 b g_hosVersion
000000000006e578 0000000000002300 b fsdev_fsdevices
0000000000070878 0000000000000001 b fsdev_initialised
0000000000070880 0000000000000018 b g_sfdnsresConfig
0000000000070898 0000000000000004 b g_Version
000000000007089c 0000000000000001 b g_VersionCached
00000000000708a0 0000000000000004 b g_VersionMutex
00000000000708a8 000000000000000c b g_nifmIGS
00000000000708b4 0000000000000004 b g_nifmServiceType
00000000000708b8 000000000000000c b g_nifmSrv
00000000000708c8 0000000000000008 b g_refCnt
00000000000708d0 0000000000000008 b g_refCnt
00000000000708d8 0000000000000008 b g_refCntSys
00000000000708e0 0000000000000200 b g_setLanguageCodes
0000000000070ae0 0000000000000001 b g_setLanguageCodesInitialized
0000000000070ae4 0000000000000004 b g_setLanguageCodesTotal
0000000000070ae8 000000000000000c b g_setSrv
0000000000070af8 000000000000000c b g_setsysSrv
0000000000070b08 000000000000000c b g_bsdMonitor
0000000000070b18 000000000000000c b g_bsdSrv
0000000000070b28 0000000000000008 b g_bsdSrvIpcBufferSize
0000000000070b30 0000000000000028 b g_bsdTmem
0000000000070b58 000000000000000c b g_apmISession
0000000000070b68 000000000000000c b g_apmSrv
0000000000070b78 0000000000000008 b g_refCnt
0000000000070b80 0000000000000008 b g_argv_empty
0000000000070b88 0000000000000004 V __nx_exception_ignoredebug
0000000000070b90 0000000000000400 V __nx_exception_stack
0000000000070f90 0000000000000008 V __nx_heap_size
0000000000070f98 0000000000000010 b g_AddressSpace
0000000000070fa8 0000000000000008 b g_CurrentAddr
0000000000070fb0 0000000000000030 b g_Region
0000000000070fe0 0000000000000004 b g_VirtMemMutex
0000000000070fe8 0000000000000008 b g_refCnt
0000000000070ff0 000000000000000c b g_timeLocalSystemClock
0000000000071000 000000000000000c b g_timeNetworkSystemClock
0000000000071010 000000000000000c b g_timeSrv
0000000000071020 000000000000000c b g_timeTimeZoneService
0000000000071030 000000000000000c b g_timeUserSystemClock
0000000000071040 0000000000000008 b __bootticks
0000000000071048 0000000000000008 b __boottime
0000000000071050 0000000000000004 V __nx_time_type
0000000000071058 0000000000000008 b g_threadList
0000000000071060 0000000000000004 b g_threadMutex
0000000000071068 00000000000000d8 b g_tlsDestructors
0000000000071140 0000000000000008 b g_tlsUsageMask
0000000000071148 0000000000000001 b buffer.6918
0000000000071150 0000000000000008 b (anonymous namespace)::__new_handler
0000000000071158 0000000000000010 b (anonymous namespace)::fake_mutex
0000000000071168 0000000000000010 b (anonymous namespace)::fake_cond
0000000000071178 0000000000000008 b (anonymous namespace)::static_cond
0000000000071180 0000000000000008 b (anonymous namespace)::static_mutex
0000000000071188 0000000000000004 b (anonymous namespace)::get_static_cond()::once
0000000000071190 0000000000000004 b (anonymous namespace)::get_static_mutex()::once
0000000000071198 0000000000000028 b (anonymous namespace)::emergency_pool
00000000000711c0 0000000000000020 V std::string::_Rep::_S_empty_rep_storage
00000000000711e0 0000000000000008 V guard variable for std::collate<wchar_t>::id
00000000000711e8 0000000000000008 V guard variable for std::messages<wchar_t>::id
00000000000711f0 0000000000000008 V guard variable for std::time_get<wchar_t, std::istreambuf_iterator<wchar_t, std::char_traits<wchar_t> > >::id
00000000000711f8 0000000000000008 V guard variable for std::time_put<wchar_t, std::ostreambuf_iterator<wchar_t, std::char_traits<wchar_t> > >::id
0000000000071200 0000000000000008 V guard variable for std::__timepunct<wchar_t>::id
0000000000071208 0000000000000008 V guard variable for std::num_put<wchar_t, std::ostreambuf_iterator<wchar_t, std::char_traits<wchar_t> > >::id
0000000000071210 0000000000000008 V guard variable for std::num_get<wchar_t, std::istreambuf_iterator<wchar_t, std::char_traits<wchar_t> > >::id
0000000000071218 0000000000000008 V guard variable for std::numpunct<wchar_t>::id
0000000000071220 0000000000000008 V guard variable for std::money_put<wchar_t, std::ostreambuf_iterator<wchar_t, std::char_traits<wchar_t> > >::id
0000000000071228 0000000000000008 V guard variable for std::money_get<wchar_t, std::istreambuf_iterator<wchar_t, std::char_traits<wchar_t> > >::id
0000000000071230 0000000000000008 V guard variable for std::moneypunct<wchar_t, true>::id
0000000000071238 0000000000000008 V guard variable for std::moneypunct<wchar_t, false>::id
0000000000071240 0000000000000008 V guard variable for std::collate<char>::id
0000000000071248 0000000000000008 V guard variable for std::messages<char>::id
0000000000071250 0000000000000008 V guard variable for std::time_get<char, std::istreambuf_iterator<char, std::char_traits<char> > >::id
0000000000071258 0000000000000008 V guard variable for std::time_put<char, std::ostreambuf_iterator<char, std::char_traits<char> > >::id
0000000000071260 0000000000000008 V guard variable for std::__timepunct<char>::id
0000000000071268 0000000000000008 V guard variable for std::num_put<char, std::ostreambuf_iterator<char, std::char_traits<char> > >::id
0000000000071270 0000000000000008 V guard variable for std::num_get<char, std::istreambuf_iterator<char, std::char_traits<char> > >::id
0000000000071278 0000000000000008 V guard variable for std::numpunct<char>::id
0000000000071280 0000000000000008 V guard variable for std::money_put<char, std::ostreambuf_iterator<char, std::char_traits<char> > >::id
0000000000071288 0000000000000008 V guard variable for std::money_get<char, std::istreambuf_iterator<char, std::char_traits<char> > >::id
0000000000071290 0000000000000008 V guard variable for std::moneypunct<char, true>::id
0000000000071298 0000000000000008 V guard variable for std::moneypunct<char, false>::id
00000000000712a0 0000000000000010 b eh_globals
00000000000712b0 0000000000000008 b init
00000000000712b8 0000000000000008 V guard variable for std::__cxx11::collate<wchar_t>::id
00000000000712c0 0000000000000008 V guard variable for std::__cxx11::messages<wchar_t>::id
00000000000712c8 0000000000000008 V guard variable for std::__cxx11::time_get<wchar_t, std::istreambuf_iterator<wchar_t, std::char_traits<wchar_t> > >::id
00000000000712d0 0000000000000008 V guard variable for std::__cxx11::numpunct<wchar_t>::id
00000000000712d8 0000000000000008 V guard variable for std::__cxx11::money_put<wchar_t, std::ostreambuf_iterator<wchar_t, std::char_traits<wchar_t> > >::id
00000000000712e0 0000000000000008 V guard variable for std::__cxx11::money_get<wchar_t, std::istreambuf_iterator<wchar_t, std::char_traits<wchar_t> > >::id
00000000000712e8 0000000000000008 V guard variable for std::__cxx11::moneypunct<wchar_t, true>::id
00000000000712f0 0000000000000008 V guard variable for std::__cxx11::moneypunct<wchar_t, false>::id
00000000000712f8 0000000000000008 V guard variable for std::__cxx11::collate<char>::id
0000000000071300 0000000000000008 V guard variable for std::__cxx11::messages<char>::id
0000000000071308 0000000000000008 V guard variable for std::__cxx11::time_get<char, std::istreambuf_iterator<char, std::char_traits<char> > >::id
0000000000071310 0000000000000008 V guard variable for std::__cxx11::numpunct<char>::id
0000000000071318 0000000000000008 V guard variable for std::__cxx11::money_put<char, std::ostreambuf_iterator<char, std::char_traits<char> > >::id
0000000000071320 0000000000000008 V guard variable for std::__cxx11::money_get<char, std::istreambuf_iterator<char, std::char_traits<char> > >::id
0000000000071328 0000000000000008 V guard variable for std::__cxx11::moneypunct<char, true>::id
0000000000071330 0000000000000008 V guard variable for std::__cxx11::moneypunct<char, false>::id
0000000000071338 0000000000000062 b dwarf_reg_size_table
00000000000713a0 0000000000000004 b once_regsizes.9756
00000000000713a8 0000000000000008 b marker.9297
00000000000713b0 0000000000000010 b object_mutex
00000000000713c0 0000000000000008 b seen_objects
00000000000713c8 0000000000000008 b unseen_objects
00000000000713d0 000000000000000c b __sfp_recursive_mutex
00000000000713e0 000000000000000c b __sinit_recursive_mutex
00000000000713f0 0000000000000028 B __malloc_current_mallinfo
0000000000071418 0000000000000008 B __malloc_max_sbrked_mem
0000000000071420 0000000000000008 B __malloc_max_total_mem
0000000000071428 0000000000000008 B __malloc_top_pad
0000000000071430 000000000000000c b __malloc_recursive_mutex
000000000007143c 0000000000000004 b alloced.4086
0000000000071440 000000000000000c B __atexit_recursive_mutex
0000000000071450 0000000000000008 b initial_env
0000000000071458 000000000000000c b __env_recursive_mutex
0000000000071468 0000000000000008 b heap_start.5295
0000000000071470 0000000000000008 B fake_heap_end
0000000000071478 0000000000000008 B fake_heap_start
0000000000071480 0000000000000400 b temp_cwd
0000000000071880 0000000000000004 b __hndl_lock
0000000000071884 0000000000000004 b __pthread_once_cv
0000000000071888 0000000000000004 b __pthread_once_lock
0000000000071890 0000000000000004 B __nxlink_host
0000000000071898 0000000000000004 B __system_argc
00000000000718a0 0000000000000008 B __system_argv
00000000000718b0 0000000000000340 B __nx_exceptiondump
0000000000071bf0 0000000000000008 B __stack_top
0000000000071bf8 B __tls_start
0000000000076010 B __bss_end__
0000000000076010 A __end__
0000000000076010 B __tls_end
0000000000077000 A __argdata__
